2019-12-17 18:29:18 Tue - tag_erase.py - 20 - INFO - [Program Started]
2019-12-17 18:30:47 Tue - gui.py - 238 - INFO - Display dev tag:
2019-12-17 18:30:47 Tue - gui.py - 253 - INFO - device ip 192.168.0.13
2019-12-17 18:30:48 Tue - config.py - 49 - ERROR - Traceback (most recent call last):
  File "D:\HUI\Python\WorkPlace\Auto_Clear\config\config.py", line 47, in parser
    cls.conf_parser.read(DEF_CONF)  # 解析配置文件
  File "D:\HUI\Python\lib\configparser.py", line 696, in read
    self._read(fp, filename)
  File "D:\HUI\Python\lib\configparser.py", line 1012, in _read
    for lineno, line in enumerate(fp, start=1):
UnicodeDecodeError: 'gbk' codec can't decode byte 0xad in position 36: illegal multibyte sequence

2019-12-17 18:32:04 Tue - tag_erase.py - 20 - INFO - [Program Started]
2019-12-17 18:32:06 Tue - gui.py - 238 - INFO - Display dev tag:
2019-12-17 18:32:06 Tue - gui.py - 253 - INFO - device ip 192.168.0.13
2019-12-17 18:32:06 Tue - gui.py - 262 - INFO - login success display tag, len=444
2019-12-17 18:32:06 Tue - gui.py - 263 - INFO - MANUINFOTOOL

@
@@
DEVICE_NAME:SCP-OBL02FFIR-FP22B-U
DEVICE_SERIAL_NUMBER:210235TFF51234567890
MAC_ADDRESS:48EA-6312-3456
MANUFACTURING_DATE:2019-12-16
VENDOR_NAME:SECURICORP
##
REGION_CODE:IN
BUILD_INFO:SEN-0302C1E5;ENC-0302C1E5;LENS-4801C07X
CUSTOMER_CODE:FF
TEST_TRACKING_NUMBER:166
E_LABEL_VER:1.20
PROTOTYPE_NAME:IPC2122LR3-PF40M-D
%%
ACTIVE_CODE:1111111111111111111111111
$$

TEST RESULT: PASS
$$

USER@/ROOT>
2019-12-17 18:41:22 Tue - gui.py - 238 - INFO - Display dev tag:
2019-12-17 18:41:22 Tue - gui.py - 253 - INFO - device ip 192.168.0.13
2019-12-17 18:41:32 Tue - gui.py - 262 - INFO - login success display tag, len=448
2019-12-17 18:41:32 Tue - gui.py - 263 - INFO - MANUINFOTOOL

@
@
@@
DEVICE_NAME:BCS-P-212R-E-II
DEVICE_SERIAL_NUMBER:210235TC531234567890
MAC_ADDRESS:38C4-E812-3456
MANUFACTURING_DATE:2019-11-21
VENDOR_NAME:BCS
##
REGION_CODE:IN
BUILD_INFO:SEN-0302C1E5;ENC-0302C1E5;LENS-4801C06W
CUSTOMER_CODE:FF
TEST_TRACKING_NUMBER:166
E_LABEL_VER:1.20
PROTOTYPE_NAME:IPC322LR3-VSPF28-D
%%
ACTIVE_CODE:1111111111111111111111111
$$
TEST RESULT: PASS
$$

USER@/ROOT>
2019-12-17 18:41:47 Tue - gui.py - 238 - INFO - Display dev tag:
2019-12-17 18:41:48 Tue - gui.py - 253 - INFO - device ip 192.168.0.13
2019-12-17 18:41:58 Tue - gui.py - 262 - INFO - login success display tag, len=448
2019-12-17 18:41:58 Tue - gui.py - 263 - INFO - MANUINFOTOOL

@
@
@@
DEVICE_NAME:BCS-P-212R-E-II
DEVICE_SERIAL_NUMBER:210235TC531234567890
MAC_ADDRESS:38C4-E812-3456
MANUFACTURING_DATE:2019-11-21
VENDOR_NAME:BCS
##
REGION_CODE:IN
BUILD_INFO:SEN-0302C1E5;ENC-0302C1E5;LENS-4801C06W
CUSTOMER_CODE:FF
TEST_TRACKING_NUMBER:166
E_LABEL_VER:1.20
PROTOTYPE_NAME:IPC322LR3-VSPF28-D
%%
ACTIVE_CODE:1111111111111111111111111
$$
TEST RESULT: PASS
$$

USER@/ROOT>
2019-12-17 19:12:24 Tue - gui.py - 96 - INFO - [Program Quit]

